[debug] [2023-12-03T20:37:11.847Z] ----------------------------------------------------------------------
[debug] [2023-12-03T20:37:11.849Z] Command:       C:\Program Files\nodejs\node.exe C:\Users\Ashton Loosli\AppData\Roaming\npm\node_modules\firebase-tools\lib\bin\firebase.js deploy --only functions
[debug] [2023-12-03T20:37:11.849Z] CLI Version:   12.9.1
[debug] [2023-12-03T20:37:11.850Z] Platform:      win32
[debug] [2023-12-03T20:37:11.850Z] Node Version:  v20.9.0
[debug] [2023-12-03T20:37:11.850Z] Time:          Sun Dec 03 2023 13:37:11 GMT-0700 (Mountain Standard Time)
[debug] [2023-12-03T20:37:11.850Z] ----------------------------------------------------------------------
[debug] 
[debug] [2023-12-03T20:37:11.901Z] > command requires scopes: ["email","openid","https://www.googleapis.com/auth/cloudplatformprojects.readonly","https://www.googleapis.com/auth/firebase","https://www.googleapis.com/auth/cloud-platform"]
[debug] [2023-12-03T20:37:11.901Z] > authorizing via signed-in user (loosliashton@gmail.com)
[debug] [2023-12-03T20:37:11.901Z] [iam] checking project aloosli-88777 for permissions ["cloudfunctions.functions.create","cloudfunctions.functions.delete","cloudfunctions.functions.get","cloudfunctions.functions.list","cloudfunctions.functions.update","cloudfunctions.operations.get","firebase.projects.get"]
[debug] [2023-12-03T20:37:11.903Z] >>> [apiv2][query] POST https://cloudresourcemanager.googleapis.com/v1/projects/aloosli-88777:testIamPermissions [none]
[debug] [2023-12-03T20:37:11.903Z] >>> [apiv2][(partial)header] POST https://cloudresourcemanager.googleapis.com/v1/projects/aloosli-88777:testIamPermissions x-goog-quota-user=projects/aloosli-88777
[debug] [2023-12-03T20:37:11.903Z] >>> [apiv2][body] POST https://cloudresourcemanager.googleapis.com/v1/projects/aloosli-88777:testIamPermissions {"permissions":["cloudfunctions.functions.create","cloudfunctions.functions.delete","cloudfunctions.functions.get","cloudfunctions.functions.list","cloudfunctions.functions.update","cloudfunctions.operations.get","firebase.projects.get"]}
[debug] [2023-12-03T20:37:12.138Z] <<< [apiv2][status] POST https://cloudresourcemanager.googleapis.com/v1/projects/aloosli-88777:testIamPermissions 200
[debug] [2023-12-03T20:37:12.138Z] <<< [apiv2][body] POST https://cloudresourcemanager.googleapis.com/v1/projects/aloosli-88777:testIamPermissions {"permissions":["cloudfunctions.functions.create","cloudfunctions.functions.delete","cloudfunctions.functions.get","cloudfunctions.functions.list","cloudfunctions.functions.update","cloudfunctions.operations.get","firebase.projects.get"]}
[debug] [2023-12-03T20:37:12.138Z] >>> [apiv2][query] POST https://iam.googleapis.com/v1/projects/aloosli-88777/serviceAccounts/aloosli-88777@appspot.gserviceaccount.com:testIamPermissions [none]
[debug] [2023-12-03T20:37:12.138Z] >>> [apiv2][body] POST https://iam.googleapis.com/v1/projects/aloosli-88777/serviceAccounts/aloosli-88777@appspot.gserviceaccount.com:testIamPermissions {"permissions":["iam.serviceAccounts.actAs"]}
[debug] [2023-12-03T20:37:12.353Z] <<< [apiv2][status] POST https://iam.googleapis.com/v1/projects/aloosli-88777/serviceAccounts/aloosli-88777@appspot.gserviceaccount.com:testIamPermissions 200
[debug] [2023-12-03T20:37:12.354Z] <<< [apiv2][body] POST https://iam.googleapis.com/v1/projects/aloosli-88777/serviceAccounts/aloosli-88777@appspot.gserviceaccount.com:testIamPermissions {"permissions":["iam.serviceAccounts.actAs"]}
[info] 
[info] === Deploying to 'aloosli-88777'...
[info] 
[info] i  deploying functions 
[info] Running command: npm --prefix "$RESOURCE_DIR" run build
[info] +  functions: Finished running predeploy script. 
[debug] [2023-12-03T20:37:16.951Z] >>> [apiv2][query] GET https://firebase.googleapis.com/v1beta1/projects/aloosli-88777 [none]
[debug] [2023-12-03T20:37:17.249Z] <<< [apiv2][status] GET https://firebase.googleapis.com/v1beta1/projects/aloosli-88777 200
[debug] [2023-12-03T20:37:17.249Z] <<< [apiv2][body] GET https://firebase.googleapis.com/v1beta1/projects/aloosli-88777 {"projectId":"aloosli-88777","projectNumber":"999327732075","displayName":"aloosli","name":"projects/aloosli-88777","resources":{"hostingSite":"aloosli-88777","realtimeDatabaseInstance":"aloosli-88777-default-rtdb"},"state":"ACTIVE","etag":"1_08c8c114-4484-41b9-834b-2b4cd34e16d4"}
[info] i  functions: preparing codebase default for deployment 
[info] i  functions: ensuring required API cloudfunctions.googleapis.com is enabled... 
[info] i  functions: ensuring required API cloudbuild.googleapis.com is enabled... 
[info] i  artifactregistry: ensuring required API artifactregistry.googleapis.com is enabled... 
[debug] [2023-12-03T20:37:17.251Z] >>> [apiv2][query] GET https://serviceusage.googleapis.com/v1/projects/aloosli-88777/services/cloudfunctions.googleapis.com [none]
[debug] [2023-12-03T20:37:17.251Z] >>> [apiv2][(partial)header] GET https://serviceusage.googleapis.com/v1/projects/aloosli-88777/services/cloudfunctions.googleapis.com x-goog-quota-user=projects/aloosli-88777
[debug] [2023-12-03T20:37:17.252Z] >>> [apiv2][query] GET https://serviceusage.googleapis.com/v1/projects/aloosli-88777/services/runtimeconfig.googleapis.com [none]
[debug] [2023-12-03T20:37:17.252Z] >>> [apiv2][(partial)header] GET https://serviceusage.googleapis.com/v1/projects/aloosli-88777/services/runtimeconfig.googleapis.com x-goog-quota-user=projects/aloosli-88777
[debug] [2023-12-03T20:37:17.253Z] >>> [apiv2][query] GET https://serviceusage.googleapis.com/v1/projects/aloosli-88777/services/cloudbuild.googleapis.com [none]
[debug] [2023-12-03T20:37:17.253Z] >>> [apiv2][(partial)header] GET https://serviceusage.googleapis.com/v1/projects/aloosli-88777/services/cloudbuild.googleapis.com x-goog-quota-user=projects/aloosli-88777
[debug] [2023-12-03T20:37:17.253Z] >>> [apiv2][query] GET https://serviceusage.googleapis.com/v1/projects/aloosli-88777/services/artifactregistry.googleapis.com [none]
[debug] [2023-12-03T20:37:17.253Z] >>> [apiv2][(partial)header] GET https://serviceusage.googleapis.com/v1/projects/aloosli-88777/services/artifactregistry.googleapis.com x-goog-quota-user=projects/aloosli-88777
[debug] [2023-12-03T20:37:17.586Z] <<< [apiv2][status] GET https://serviceusage.googleapis.com/v1/projects/aloosli-88777/services/runtimeconfig.googleapis.com 200
[debug] [2023-12-03T20:37:17.586Z] <<< [apiv2][body] GET https://serviceusage.googleapis.com/v1/projects/aloosli-88777/services/runtimeconfig.googleapis.com [omitted]
[debug] [2023-12-03T20:37:17.587Z] <<< [apiv2][status] GET https://serviceusage.googleapis.com/v1/projects/aloosli-88777/services/artifactregistry.googleapis.com 200
[debug] [2023-12-03T20:37:17.587Z] <<< [apiv2][body] GET https://serviceusage.googleapis.com/v1/projects/aloosli-88777/services/artifactregistry.googleapis.com [omitted]
[info] +  artifactregistry: required API artifactregistry.googleapis.com is enabled 
[debug] [2023-12-03T20:37:17.593Z] <<< [apiv2][status] GET https://serviceusage.googleapis.com/v1/projects/aloosli-88777/services/cloudfunctions.googleapis.com 200
[debug] [2023-12-03T20:37:17.593Z] <<< [apiv2][body] GET https://serviceusage.googleapis.com/v1/projects/aloosli-88777/services/cloudfunctions.googleapis.com [omitted]
[info] +  functions: required API cloudfunctions.googleapis.com is enabled 
[debug] [2023-12-03T20:37:17.610Z] <<< [apiv2][status] GET https://serviceusage.googleapis.com/v1/projects/aloosli-88777/services/cloudbuild.googleapis.com 200
[debug] [2023-12-03T20:37:17.611Z] <<< [apiv2][body] GET https://serviceusage.googleapis.com/v1/projects/aloosli-88777/services/cloudbuild.googleapis.com [omitted]
[info] +  functions: required API cloudbuild.googleapis.com is enabled 
[debug] [2023-12-03T20:37:17.611Z] >>> [apiv2][query] GET https://firebase.googleapis.com/v1beta1/projects/aloosli-88777/adminSdkConfig [none]
[debug] [2023-12-03T20:37:17.748Z] <<< [apiv2][status] GET https://firebase.googleapis.com/v1beta1/projects/aloosli-88777/adminSdkConfig 200
[debug] [2023-12-03T20:37:17.748Z] <<< [apiv2][body] GET https://firebase.googleapis.com/v1beta1/projects/aloosli-88777/adminSdkConfig {"projectId":"aloosli-88777","databaseURL":"https://aloosli-88777-default-rtdb.firebaseio.com","storageBucket":"aloosli-88777.appspot.com"}
[debug] [2023-12-03T20:37:17.748Z] >>> [apiv2][query] GET https://runtimeconfig.googleapis.com/v1beta1/projects/aloosli-88777/configs [none]
[debug] [2023-12-03T20:37:17.897Z] <<< [apiv2][status] GET https://runtimeconfig.googleapis.com/v1beta1/projects/aloosli-88777/configs 200
[debug] [2023-12-03T20:37:17.897Z] <<< [apiv2][body] GET https://runtimeconfig.googleapis.com/v1beta1/projects/aloosli-88777/configs {}
[debug] [2023-12-03T20:37:17.898Z] Validating nodejs source
[debug] [2023-12-03T20:37:19.020Z] > [functions] package.json contents: {
  "name": "functions",
  "scripts": {
    "build": "tsc",
    "build:watch": "tsc --watch",
    "serve": "npm run build && firebase emulators:start --only functions",
    "shell": "npm run build && firebase functions:shell",
    "start": "npm run shell",
    "deploy": "firebase deploy --only functions",
    "logs": "firebase functions:log"
  },
  "engines": {
    "node": "18"
  },
  "main": "lib/index.js",
  "dependencies": {
    "firebase-admin": "^11.8.0",
    "firebase-functions": "^4.3.1"
  },
  "devDependencies": {
    "typescript": "^4.9.0",
    "firebase-functions-test": "^3.1.0"
  },
  "private": true
}
[debug] [2023-12-03T20:37:19.021Z] Building nodejs source
[info] i  functions: Loading and analyzing source code for codebase default to determine what to deploy 
[debug] [2023-12-03T20:37:19.022Z] Could not find functions.yaml. Must use http discovery
[debug] [2023-12-03T20:37:19.028Z] Found firebase-functions binary at 'C:\Users\Ashton Loosli\source\repos\aloos.li\functions\node_modules\.bin\firebase-functions'
[info] Serving at port 8852

[debug] [2023-12-03T20:37:19.437Z] Got response from /__/functions.yaml {"endpoints":{"newShortUrl":{"platform":"gcfv1","availableMemoryMb":null,"timeoutSeconds":null,"minInstances":null,"maxInstances":null,"ingressSettings":null,"serviceAccountEmail":null,"vpc":null,"httpsTrigger":{},"entryPoint":"newShortUrl"}},"specVersion":"v1alpha1","requiredAPIs":[]}
[info] i  functions: preparing functions directory for uploading... 
[info] i  functions: packaged C:\Users\Ashton Loosli\source\repos\aloos.li\functions (70.5 KB) for uploading 
[debug] [2023-12-03T20:37:24.491Z] >>> [apiv2][query] GET https://cloudfunctions.googleapis.com/v1/projects/aloosli-88777/locations/-/functions [none]
[debug] [2023-12-03T20:37:24.875Z] <<< [apiv2][status] GET https://cloudfunctions.googleapis.com/v1/projects/aloosli-88777/locations/-/functions 200
[debug] [2023-12-03T20:37:24.875Z] <<< [apiv2][body] GET https://cloudfunctions.googleapis.com/v1/projects/aloosli-88777/locations/-/functions {}
[debug] [2023-12-03T20:37:24.876Z] >>> [apiv2][query] GET https://cloudfunctions.googleapis.com/v2/projects/aloosli-88777/locations/-/functions filter=environment%3D%22GEN_2%22
[debug] [2023-12-03T20:37:25.315Z] <<< [apiv2][status] GET https://cloudfunctions.googleapis.com/v2/projects/aloosli-88777/locations/-/functions 200
[debug] [2023-12-03T20:37:25.316Z] <<< [apiv2][body] GET https://cloudfunctions.googleapis.com/v2/projects/aloosli-88777/locations/-/functions {}
[debug] [2023-12-03T20:37:25.318Z] >>> [apiv2][query] GET https://firebase.googleapis.com/v1beta1/projects/aloosli-88777 [none]
[debug] [2023-12-03T20:37:25.614Z] <<< [apiv2][status] GET https://firebase.googleapis.com/v1beta1/projects/aloosli-88777 200
[debug] [2023-12-03T20:37:25.614Z] <<< [apiv2][body] GET https://firebase.googleapis.com/v1beta1/projects/aloosli-88777 {"projectId":"aloosli-88777","projectNumber":"999327732075","displayName":"aloosli","name":"projects/aloosli-88777","resources":{"hostingSite":"aloosli-88777","realtimeDatabaseInstance":"aloosli-88777-default-rtdb"},"state":"ACTIVE","etag":"1_08c8c114-4484-41b9-834b-2b4cd34e16d4"}
[debug] [2023-12-03T20:37:25.615Z] [functions] found 1 new HTTP functions, testing setIamPolicy permission...
[debug] [2023-12-03T20:37:25.615Z] >>> [apiv2][query] POST https://cloudresourcemanager.googleapis.com/v1/projects/aloosli-88777:testIamPermissions [none]
[debug] [2023-12-03T20:37:25.615Z] >>> [apiv2][(partial)header] POST https://cloudresourcemanager.googleapis.com/v1/projects/aloosli-88777:testIamPermissions x-goog-quota-user=projects/aloosli-88777
[debug] [2023-12-03T20:37:25.615Z] >>> [apiv2][body] POST https://cloudresourcemanager.googleapis.com/v1/projects/aloosli-88777:testIamPermissions {"permissions":["cloudfunctions.functions.setIamPolicy"]}
[debug] [2023-12-03T20:37:25.798Z] <<< [apiv2][status] POST https://cloudresourcemanager.googleapis.com/v1/projects/aloosli-88777:testIamPermissions 200
[debug] [2023-12-03T20:37:25.799Z] <<< [apiv2][body] POST https://cloudresourcemanager.googleapis.com/v1/projects/aloosli-88777:testIamPermissions {"permissions":["cloudfunctions.functions.setIamPolicy"]}
[debug] [2023-12-03T20:37:25.799Z] [functions] found setIamPolicy permission, proceeding with deploy
[debug] [2023-12-03T20:37:25.799Z] >>> [apiv2][query] POST https://cloudfunctions.googleapis.com/v1/projects/aloosli-88777/locations/us-central1/functions:generateUploadUrl [none]
[debug] [2023-12-03T20:37:25.799Z] >>> [apiv2][body] POST https://cloudfunctions.googleapis.com/v1/projects/aloosli-88777/locations/us-central1/functions:generateUploadUrl {}
[debug] [2023-12-03T20:37:39.598Z] <<< [apiv2][status] POST https://cloudfunctions.googleapis.com/v1/projects/aloosli-88777/locations/us-central1/functions:generateUploadUrl 200
[debug] [2023-12-03T20:37:39.598Z] <<< [apiv2][body] POST https://cloudfunctions.googleapis.com/v1/projects/aloosli-88777/locations/us-central1/functions:generateUploadUrl {"uploadUrl":"https://storage.googleapis.com/uploads-302211788967.us-central1.cloudfunctions.appspot.com/a6086b71-8e95-4d69-8c18-76c551a25939.zip?GoogleAccessId=service-999327732075@gcf-admin-robot.iam.gserviceaccount.com&Expires=1701637660&Signature=Cyj4eiYXaVpoQCDTK8TLSx%2BOYfo2Z%2FhPI99LUExjc%2Bjx2h0Ou%2F7rSwwsOeFXdLxsJ5NoDWpOL8ro6MZ1nbW5Yhsu9aTywY%2FHLwFOccG4A9UuFb5XYb3ln%2Bx4t%2FK0FfQAPHxQ%2BuNzTxJVNWplbR3nI9tZmMyDxWeSwtdB9T49nHNo6FfFAsHUEfHFk%2B43Wpc%2BM32hD1yB5i4Uhtp3HxEFGYP2F2zav0pi8RQhF%2FSiRKLaaFUq1K9n8J7nDJoK4LIE5f6k7vALZLJ7XYHfrCKP4DNLNNRCjctZt0Hk83pclYiKPIDYKIl3G8dtdGTd9fXx%2Bkd64nFw28ozanhHP4NGAw%3D%3D"}
[debug] [2023-12-03T20:37:39.599Z] >>> [apiv2][query] PUT https://storage.googleapis.com/uploads-302211788967.us-central1.cloudfunctions.appspot.com/a6086b71-8e95-4d69-8c18-76c551a25939.zip GoogleAccessId=service-999327732075%40gcf-admin-robot.iam.gserviceaccount.com&Expires=1701637660&Signature=Cyj4eiYXaVpoQCDTK8TLSx%2BOYfo2Z%2FhPI99LUExjc%2Bjx2h0Ou%2F7rSwwsOeFXdLxsJ5NoDWpOL8ro6MZ1nbW5Yhsu9aTywY%2FHLwFOccG4A9UuFb5XYb3ln%2Bx4t%2FK0FfQAPHxQ%2BuNzTxJVNWplbR3nI9tZmMyDxWeSwtdB9T49nHNo6FfFAsHUEfHFk%2B43Wpc%2BM32hD1yB5i4Uhtp3HxEFGYP2F2zav0pi8RQhF%2FSiRKLaaFUq1K9n8J7nDJoK4LIE5f6k7vALZLJ7XYHfrCKP4DNLNNRCjctZt0Hk83pclYiKPIDYKIl3G8dtdGTd9fXx%2Bkd64nFw28ozanhHP4NGAw%3D%3D
[debug] [2023-12-03T20:37:39.599Z] >>> [apiv2][body] PUT https://storage.googleapis.com/uploads-302211788967.us-central1.cloudfunctions.appspot.com/a6086b71-8e95-4d69-8c18-76c551a25939.zip [stream]
[debug] [2023-12-03T20:37:39.877Z] <<< [apiv2][status] PUT https://storage.googleapis.com/uploads-302211788967.us-central1.cloudfunctions.appspot.com/a6086b71-8e95-4d69-8c18-76c551a25939.zip 200
[debug] [2023-12-03T20:37:39.877Z] <<< [apiv2][body] PUT https://storage.googleapis.com/uploads-302211788967.us-central1.cloudfunctions.appspot.com/a6086b71-8e95-4d69-8c18-76c551a25939.zip [omitted]
[info] +  functions: functions folder uploaded successfully 
[info] i  functions: creating Node.js 18 (1st Gen) function newShortUrl(us-central1)... 
[debug] [2023-12-03T20:37:39.879Z] >>> [apiv2][query] POST https://cloudfunctions.googleapis.com/v1/projects/aloosli-88777/locations/us-central1/functions [none]
[debug] [2023-12-03T20:37:39.879Z] >>> [apiv2][body] POST https://cloudfunctions.googleapis.com/v1/projects/aloosli-88777/locations/us-central1/functions {"name":"projects/aloosli-88777/locations/us-central1/functions/newShortUrl","sourceUploadUrl":"https://storage.googleapis.com/uploads-302211788967.us-central1.cloudfunctions.appspot.com/a6086b71-8e95-4d69-8c18-76c551a25939.zip?GoogleAccessId=service-999327732075@gcf-admin-robot.iam.gserviceaccount.com&Expires=1701637660&Signature=Cyj4eiYXaVpoQCDTK8TLSx%2BOYfo2Z%2FhPI99LUExjc%2Bjx2h0Ou%2F7rSwwsOeFXdLxsJ5NoDWpOL8ro6MZ1nbW5Yhsu9aTywY%2FHLwFOccG4A9UuFb5XYb3ln%2Bx4t%2FK0FfQAPHxQ%2BuNzTxJVNWplbR3nI9tZmMyDxWeSwtdB9T49nHNo6FfFAsHUEfHFk%2B43Wpc%2BM32hD1yB5i4Uhtp3HxEFGYP2F2zav0pi8RQhF%2FSiRKLaaFUq1K9n8J7nDJoK4LIE5f6k7vALZLJ7XYHfrCKP4DNLNNRCjctZt0Hk83pclYiKPIDYKIl3G8dtdGTd9fXx%2Bkd64nFw28ozanhHP4NGAw%3D%3D","entryPoint":"newShortUrl","runtime":"nodejs18","dockerRegistry":"ARTIFACT_REGISTRY","labels":{"deployment-tool":"cli-firebase","firebase-functions-hash":"81ae35c39a77609014f3f50ae84fd807beda8434"},"httpsTrigger":{"securityLevel":"SECURE_ALWAYS"},"minInstances":null,"maxInstances":null,"ingressSettings":null,"environmentVariables":{"FIREBASE_CONFIG":"{\"projectId\":\"aloosli-88777\",\"databaseURL\":\"https://aloosli-88777-default-rtdb.firebaseio.com\",\"storageBucket\":\"aloosli-88777.appspot.com\"}","GCLOUD_PROJECT":"aloosli-88777","EVENTARC_CLOUD_EVENT_SOURCE":"projects/aloosli-88777/locations/us-central1/functions/newShortUrl"},"serviceAccountEmail":null,"availableMemoryMb":null,"timeout":null,"vpcConnector":null,"vpcConnectorEgressSettings":null,"buildEnvironmentVariables":{"GOOGLE_NODE_RUN_SCRIPTS":""}}
[debug] [2023-12-03T20:37:40.332Z] <<< [apiv2][status] POST https://cloudfunctions.googleapis.com/v1/projects/aloosli-88777/locations/us-central1/functions 200
[debug] [2023-12-03T20:37:40.332Z] <<< [apiv2][body] POST https://cloudfunctions.googleapis.com/v1/projects/aloosli-88777/locations/us-central1/functions {"name":"operations/YWxvb3NsaS04ODc3Ny91cy1jZW50cmFsMS9uZXdTaG9ydFVybC9PMVBFdk9yUEx0QQ","metadata":{"@type":"type.googleapis.com/google.cloud.functions.v1.OperationMetadataV1","target":"projects/aloosli-88777/locations/us-central1/functions/newShortUrl","type":"CREATE_FUNCTION","request":{"@type":"type.googleapis.com/google.cloud.functions.v1.CloudFunction","name":"projects/aloosli-88777/locations/us-central1/functions/newShortUrl","httpsTrigger":{"securityLevel":"SECURE_ALWAYS"},"entryPoint":"newShortUrl","labels":{"deployment-tool":"cli-firebase","firebase-functions-hash":"81ae35c39a77609014f3f50ae84fd807beda8434"},"sourceUploadUrl":"https://storage.googleapis.com/uploads-302211788967.us-central1.cloudfunctions.appspot.com/a6086b71-8e95-4d69-8c18-76c551a25939.zip?GoogleAccessId=service-999327732075@gcf-admin-robot.iam.gserviceaccount.com&Expires=1701637660&Signature=Cyj4eiYXaVpoQCDTK8TLSx%2BOYfo2Z%2FhPI99LUExjc%2Bjx2h0Ou%2F7rSwwsOeFXdLxsJ5NoDWpOL8ro6MZ1nbW5Yhsu9aTywY%2FHLwFOccG4A9UuFb5XYb3ln%2Bx4t%2FK0FfQAPHxQ%2BuNzTxJVNWplbR3nI9tZmMyDxWeSwtdB9T49nHNo6FfFAsHUEfHFk%2B43Wpc%2BM32hD1yB5i4Uhtp3HxEFGYP2F2zav0pi8RQhF%2FSiRKLaaFUq1K9n8J7nDJoK4LIE5f6k7vALZLJ7XYHfrCKP4DNLNNRCjctZt0Hk83pclYiKPIDYKIl3G8dtdGTd9fXx%2Bkd64nFw28ozanhHP4NGAw%3D%3D","environmentVariables":{"FIREBASE_CONFIG":"{\"projectId\":\"aloosli-88777\",\"databaseURL\":\"https://aloosli-88777-default-rtdb.firebaseio.com\",\"storageBucket\":\"aloosli-88777.appspot.com\"}","GCLOUD_PROJECT":"aloosli-88777","EVENTARC_CLOUD_EVENT_SOURCE":"projects/aloosli-88777/locations/us-central1/functions/newShortUrl"},"runtime":"nodejs18","buildEnvironmentVariables":{"GOOGLE_NODE_RUN_SCRIPTS":""},"dockerRegistry":"ARTIFACT_REGISTRY"},"versionId":"1","updateTime":"2023-12-03T20:37:40Z"}}
[debug] [2023-12-03T20:37:40.332Z] >>> [apiv2][query] GET https://cloudfunctions.googleapis.com/v1/operations/YWxvb3NsaS04ODc3Ny91cy1jZW50cmFsMS9uZXdTaG9ydFVybC9PMVBFdk9yUEx0QQ [none]
[debug] [2023-12-03T20:37:40.769Z] <<< [apiv2][status] GET https://cloudfunctions.googleapis.com/v1/operations/YWxvb3NsaS04ODc3Ny91cy1jZW50cmFsMS9uZXdTaG9ydFVybC9PMVBFdk9yUEx0QQ 200
[debug] [2023-12-03T20:37:40.770Z] <<< [apiv2][body] GET https://cloudfunctions.googleapis.com/v1/operations/YWxvb3NsaS04ODc3Ny91cy1jZW50cmFsMS9uZXdTaG9ydFVybC9PMVBFdk9yUEx0QQ {"name":"operations/YWxvb3NsaS04ODc3Ny91cy1jZW50cmFsMS9uZXdTaG9ydFVybC9PMVBFdk9yUEx0QQ","metadata":{"@type":"type.googleapis.com/google.cloud.functions.v1.OperationMetadataV1","target":"projects/aloosli-88777/locations/us-central1/functions/newShortUrl","type":"CREATE_FUNCTION","request":{"@type":"type.googleapis.com/google.cloud.functions.v1.CloudFunction","name":"projects/aloosli-88777/locations/us-central1/functions/newShortUrl","httpsTrigger":{"securityLevel":"SECURE_ALWAYS"},"entryPoint":"newShortUrl","labels":{"deployment-tool":"cli-firebase","firebase-functions-hash":"81ae35c39a77609014f3f50ae84fd807beda8434"},"sourceUploadUrl":"https://storage.googleapis.com/uploads-302211788967.us-central1.cloudfunctions.appspot.com/a6086b71-8e95-4d69-8c18-76c551a25939.zip?GoogleAccessId=service-999327732075@gcf-admin-robot.iam.gserviceaccount.com&Expires=1701637660&Signature=Cyj4eiYXaVpoQCDTK8TLSx%2BOYfo2Z%2FhPI99LUExjc%2Bjx2h0Ou%2F7rSwwsOeFXdLxsJ5NoDWpOL8ro6MZ1nbW5Yhsu9aTywY%2FHLwFOccG4A9UuFb5XYb3ln%2Bx4t%2FK0FfQAPHxQ%2BuNzTxJVNWplbR3nI9tZmMyDxWeSwtdB9T49nHNo6FfFAsHUEfHFk%2B43Wpc%2BM32hD1yB5i4Uhtp3HxEFGYP2F2zav0pi8RQhF%2FSiRKLaaFUq1K9n8J7nDJoK4LIE5f6k7vALZLJ7XYHfrCKP4DNLNNRCjctZt0Hk83pclYiKPIDYKIl3G8dtdGTd9fXx%2Bkd64nFw28ozanhHP4NGAw%3D%3D","environmentVariables":{"FIREBASE_CONFIG":"{\"projectId\":\"aloosli-88777\",\"databaseURL\":\"https://aloosli-88777-default-rtdb.firebaseio.com\",\"storageBucket\":\"aloosli-88777.appspot.com\"}","GCLOUD_PROJECT":"aloosli-88777","EVENTARC_CLOUD_EVENT_SOURCE":"projects/aloosli-88777/locations/us-central1/functions/newShortUrl"},"runtime":"nodejs18","buildEnvironmentVariables":{"GOOGLE_NODE_RUN_SCRIPTS":""},"dockerRegistry":"ARTIFACT_REGISTRY"},"versionId":"1","updateTime":"2023-12-03T20:37:41Z"}}
[debug] [2023-12-03T20:37:41.281Z] [create-default-us-central1-newShortUrl] Retrying task index 0
[debug] [2023-12-03T20:37:41.281Z] >>> [apiv2][query] GET https://cloudfunctions.googleapis.com/v1/operations/YWxvb3NsaS04ODc3Ny91cy1jZW50cmFsMS9uZXdTaG9ydFVybC9PMVBFdk9yUEx0QQ [none]
[debug] [2023-12-03T20:37:41.394Z] <<< [apiv2][status] GET https://cloudfunctions.googleapis.com/v1/operations/YWxvb3NsaS04ODc3Ny91cy1jZW50cmFsMS9uZXdTaG9ydFVybC9PMVBFdk9yUEx0QQ 200
[debug] [2023-12-03T20:37:41.394Z] <<< [apiv2][body] GET https://cloudfunctions.googleapis.com/v1/operations/YWxvb3NsaS04ODc3Ny91cy1jZW50cmFsMS9uZXdTaG9ydFVybC9PMVBFdk9yUEx0QQ {"name":"operations/YWxvb3NsaS04ODc3Ny91cy1jZW50cmFsMS9uZXdTaG9ydFVybC9PMVBFdk9yUEx0QQ","metadata":{"@type":"type.googleapis.com/google.cloud.functions.v1.OperationMetadataV1","target":"projects/aloosli-88777/locations/us-central1/functions/newShortUrl","type":"CREATE_FUNCTION","request":{"@type":"type.googleapis.com/google.cloud.functions.v1.CloudFunction","name":"projects/aloosli-88777/locations/us-central1/functions/newShortUrl","httpsTrigger":{"securityLevel":"SECURE_ALWAYS"},"entryPoint":"newShortUrl","labels":{"deployment-tool":"cli-firebase","firebase-functions-hash":"81ae35c39a77609014f3f50ae84fd807beda8434"},"sourceUploadUrl":"https://storage.googleapis.com/uploads-302211788967.us-central1.cloudfunctions.appspot.com/a6086b71-8e95-4d69-8c18-76c551a25939.zip?GoogleAccessId=service-999327732075@gcf-admin-robot.iam.gserviceaccount.com&Expires=1701637660&Signature=Cyj4eiYXaVpoQCDTK8TLSx%2BOYfo2Z%2FhPI99LUExjc%2Bjx2h0Ou%2F7rSwwsOeFXdLxsJ5NoDWpOL8ro6MZ1nbW5Yhsu9aTywY%2FHLwFOccG4A9UuFb5XYb3ln%2Bx4t%2FK0FfQAPHxQ%2BuNzTxJVNWplbR3nI9tZmMyDxWeSwtdB9T49nHNo6FfFAsHUEfHFk%2B43Wpc%2BM32hD1yB5i4Uhtp3HxEFGYP2F2zav0pi8RQhF%2FSiRKLaaFUq1K9n8J7nDJoK4LIE5f6k7vALZLJ7XYHfrCKP4DNLNNRCjctZt0Hk83pclYiKPIDYKIl3G8dtdGTd9fXx%2Bkd64nFw28ozanhHP4NGAw%3D%3D","environmentVariables":{"FIREBASE_CONFIG":"{\"projectId\":\"aloosli-88777\",\"databaseURL\":\"https://aloosli-88777-default-rtdb.firebaseio.com\",\"storageBucket\":\"aloosli-88777.appspot.com\"}","GCLOUD_PROJECT":"aloosli-88777","EVENTARC_CLOUD_EVENT_SOURCE":"projects/aloosli-88777/locations/us-central1/functions/newShortUrl"},"runtime":"nodejs18","buildEnvironmentVariables":{"GOOGLE_NODE_RUN_SCRIPTS":""},"dockerRegistry":"ARTIFACT_REGISTRY"},"versionId":"1","updateTime":"2023-12-03T20:37:41Z"}}
[debug] [2023-12-03T20:37:42.398Z] [create-default-us-central1-newShortUrl] Retrying task index 0
[debug] [2023-12-03T20:37:42.399Z] >>> [apiv2][query] GET https://cloudfunctions.googleapis.com/v1/operations/YWxvb3NsaS04ODc3Ny91cy1jZW50cmFsMS9uZXdTaG9ydFVybC9PMVBFdk9yUEx0QQ [none]
[debug] [2023-12-03T20:37:42.858Z] <<< [apiv2][status] GET https://cloudfunctions.googleapis.com/v1/operations/YWxvb3NsaS04ODc3Ny91cy1jZW50cmFsMS9uZXdTaG9ydFVybC9PMVBFdk9yUEx0QQ 200
[debug] [2023-12-03T20:37:42.858Z] <<< [apiv2][body] GET https://cloudfunctions.googleapis.com/v1/operations/YWxvb3NsaS04ODc3Ny91cy1jZW50cmFsMS9uZXdTaG9ydFVybC9PMVBFdk9yUEx0QQ {"name":"operations/YWxvb3NsaS04ODc3Ny91cy1jZW50cmFsMS9uZXdTaG9ydFVybC9PMVBFdk9yUEx0QQ","metadata":{"@type":"type.googleapis.com/google.cloud.functions.v1.OperationMetadataV1","target":"projects/aloosli-88777/locations/us-central1/functions/newShortUrl","type":"CREATE_FUNCTION","request":{"@type":"type.googleapis.com/google.cloud.functions.v1.CloudFunction","name":"projects/aloosli-88777/locations/us-central1/functions/newShortUrl","httpsTrigger":{"securityLevel":"SECURE_ALWAYS"},"entryPoint":"newShortUrl","labels":{"deployment-tool":"cli-firebase","firebase-functions-hash":"81ae35c39a77609014f3f50ae84fd807beda8434"},"sourceUploadUrl":"https://storage.googleapis.com/uploads-302211788967.us-central1.cloudfunctions.appspot.com/a6086b71-8e95-4d69-8c18-76c551a25939.zip?GoogleAccessId=service-999327732075@gcf-admin-robot.iam.gserviceaccount.com&Expires=1701637660&Signature=Cyj4eiYXaVpoQCDTK8TLSx%2BOYfo2Z%2FhPI99LUExjc%2Bjx2h0Ou%2F7rSwwsOeFXdLxsJ5NoDWpOL8ro6MZ1nbW5Yhsu9aTywY%2FHLwFOccG4A9UuFb5XYb3ln%2Bx4t%2FK0FfQAPHxQ%2BuNzTxJVNWplbR3nI9tZmMyDxWeSwtdB9T49nHNo6FfFAsHUEfHFk%2B43Wpc%2BM32hD1yB5i4Uhtp3HxEFGYP2F2zav0pi8RQhF%2FSiRKLaaFUq1K9n8J7nDJoK4LIE5f6k7vALZLJ7XYHfrCKP4DNLNNRCjctZt0Hk83pclYiKPIDYKIl3G8dtdGTd9fXx%2Bkd64nFw28ozanhHP4NGAw%3D%3D","environmentVariables":{"FIREBASE_CONFIG":"{\"projectId\":\"aloosli-88777\",\"databaseURL\":\"https://aloosli-88777-default-rtdb.firebaseio.com\",\"storageBucket\":\"aloosli-88777.appspot.com\"}","GCLOUD_PROJECT":"aloosli-88777","EVENTARC_CLOUD_EVENT_SOURCE":"projects/aloosli-88777/locations/us-central1/functions/newShortUrl"},"runtime":"nodejs18","buildEnvironmentVariables":{"GOOGLE_NODE_RUN_SCRIPTS":""},"dockerRegistry":"ARTIFACT_REGISTRY"},"versionId":"1","updateTime":"2023-12-03T20:37:41Z"}}
[debug] [2023-12-03T20:37:44.868Z] [create-default-us-central1-newShortUrl] Retrying task index 0
[debug] [2023-12-03T20:37:44.869Z] >>> [apiv2][query] GET https://cloudfunctions.googleapis.com/v1/operations/YWxvb3NsaS04ODc3Ny91cy1jZW50cmFsMS9uZXdTaG9ydFVybC9PMVBFdk9yUEx0QQ [none]
[debug] [2023-12-03T20:37:45.258Z] <<< [apiv2][status] GET https://cloudfunctions.googleapis.com/v1/operations/YWxvb3NsaS04ODc3Ny91cy1jZW50cmFsMS9uZXdTaG9ydFVybC9PMVBFdk9yUEx0QQ 200
[debug] [2023-12-03T20:37:45.258Z] <<< [apiv2][body] GET https://cloudfunctions.googleapis.com/v1/operations/YWxvb3NsaS04ODc3Ny91cy1jZW50cmFsMS9uZXdTaG9ydFVybC9PMVBFdk9yUEx0QQ {"name":"operations/YWxvb3NsaS04ODc3Ny91cy1jZW50cmFsMS9uZXdTaG9ydFVybC9PMVBFdk9yUEx0QQ","metadata":{"@type":"type.googleapis.com/google.cloud.functions.v1.OperationMetadataV1","target":"projects/aloosli-88777/locations/us-central1/functions/newShortUrl","type":"CREATE_FUNCTION","request":{"@type":"type.googleapis.com/google.cloud.functions.v1.CloudFunction","name":"projects/aloosli-88777/locations/us-central1/functions/newShortUrl","httpsTrigger":{"securityLevel":"SECURE_ALWAYS"},"entryPoint":"newShortUrl","labels":{"deployment-tool":"cli-firebase","firebase-functions-hash":"81ae35c39a77609014f3f50ae84fd807beda8434"},"sourceUploadUrl":"https://storage.googleapis.com/uploads-302211788967.us-central1.cloudfunctions.appspot.com/a6086b71-8e95-4d69-8c18-76c551a25939.zip?GoogleAccessId=service-999327732075@gcf-admin-robot.iam.gserviceaccount.com&Expires=1701637660&Signature=Cyj4eiYXaVpoQCDTK8TLSx%2BOYfo2Z%2FhPI99LUExjc%2Bjx2h0Ou%2F7rSwwsOeFXdLxsJ5NoDWpOL8ro6MZ1nbW5Yhsu9aTywY%2FHLwFOccG4A9UuFb5XYb3ln%2Bx4t%2FK0FfQAPHxQ%2BuNzTxJVNWplbR3nI9tZmMyDxWeSwtdB9T49nHNo6FfFAsHUEfHFk%2B43Wpc%2BM32hD1yB5i4Uhtp3HxEFGYP2F2zav0pi8RQhF%2FSiRKLaaFUq1K9n8J7nDJoK4LIE5f6k7vALZLJ7XYHfrCKP4DNLNNRCjctZt0Hk83pclYiKPIDYKIl3G8dtdGTd9fXx%2Bkd64nFw28ozanhHP4NGAw%3D%3D","environmentVariables":{"FIREBASE_CONFIG":"{\"projectId\":\"aloosli-88777\",\"databaseURL\":\"https://aloosli-88777-default-rtdb.firebaseio.com\",\"storageBucket\":\"aloosli-88777.appspot.com\"}","GCLOUD_PROJECT":"aloosli-88777","EVENTARC_CLOUD_EVENT_SOURCE":"projects/aloosli-88777/locations/us-central1/functions/newShortUrl"},"runtime":"nodejs18","buildEnvironmentVariables":{"GOOGLE_NODE_RUN_SCRIPTS":""},"dockerRegistry":"ARTIFACT_REGISTRY"},"versionId":"1","updateTime":"2023-12-03T20:37:41Z"}}
[debug] [2023-12-03T20:37:49.274Z] [create-default-us-central1-newShortUrl] Retrying task index 0
[debug] [2023-12-03T20:37:49.274Z] >>> [apiv2][query] GET https://cloudfunctions.googleapis.com/v1/operations/YWxvb3NsaS04ODc3Ny91cy1jZW50cmFsMS9uZXdTaG9ydFVybC9PMVBFdk9yUEx0QQ [none]
[debug] [2023-12-03T20:37:49.369Z] <<< [apiv2][status] GET https://cloudfunctions.googleapis.com/v1/operations/YWxvb3NsaS04ODc3Ny91cy1jZW50cmFsMS9uZXdTaG9ydFVybC9PMVBFdk9yUEx0QQ 200
[debug] [2023-12-03T20:37:49.369Z] <<< [apiv2][body] GET https://cloudfunctions.googleapis.com/v1/operations/YWxvb3NsaS04ODc3Ny91cy1jZW50cmFsMS9uZXdTaG9ydFVybC9PMVBFdk9yUEx0QQ {"name":"operations/YWxvb3NsaS04ODc3Ny91cy1jZW50cmFsMS9uZXdTaG9ydFVybC9PMVBFdk9yUEx0QQ","metadata":{"@type":"type.googleapis.com/google.cloud.functions.v1.OperationMetadataV1","target":"projects/aloosli-88777/locations/us-central1/functions/newShortUrl","type":"CREATE_FUNCTION","request":{"@type":"type.googleapis.com/google.cloud.functions.v1.CloudFunction","name":"projects/aloosli-88777/locations/us-central1/functions/newShortUrl","httpsTrigger":{"securityLevel":"SECURE_ALWAYS"},"entryPoint":"newShortUrl","labels":{"deployment-tool":"cli-firebase","firebase-functions-hash":"81ae35c39a77609014f3f50ae84fd807beda8434"},"sourceUploadUrl":"https://storage.googleapis.com/uploads-302211788967.us-central1.cloudfunctions.appspot.com/a6086b71-8e95-4d69-8c18-76c551a25939.zip?GoogleAccessId=service-999327732075@gcf-admin-robot.iam.gserviceaccount.com&Expires=1701637660&Signature=Cyj4eiYXaVpoQCDTK8TLSx%2BOYfo2Z%2FhPI99LUExjc%2Bjx2h0Ou%2F7rSwwsOeFXdLxsJ5NoDWpOL8ro6MZ1nbW5Yhsu9aTywY%2FHLwFOccG4A9UuFb5XYb3ln%2Bx4t%2FK0FfQAPHxQ%2BuNzTxJVNWplbR3nI9tZmMyDxWeSwtdB9T49nHNo6FfFAsHUEfHFk%2B43Wpc%2BM32hD1yB5i4Uhtp3HxEFGYP2F2zav0pi8RQhF%2FSiRKLaaFUq1K9n8J7nDJoK4LIE5f6k7vALZLJ7XYHfrCKP4DNLNNRCjctZt0Hk83pclYiKPIDYKIl3G8dtdGTd9fXx%2Bkd64nFw28ozanhHP4NGAw%3D%3D","environmentVariables":{"FIREBASE_CONFIG":"{\"projectId\":\"aloosli-88777\",\"databaseURL\":\"https://aloosli-88777-default-rtdb.firebaseio.com\",\"storageBucket\":\"aloosli-88777.appspot.com\"}","GCLOUD_PROJECT":"aloosli-88777","EVENTARC_CLOUD_EVENT_SOURCE":"projects/aloosli-88777/locations/us-central1/functions/newShortUrl"},"runtime":"nodejs18","buildEnvironmentVariables":{"GOOGLE_NODE_RUN_SCRIPTS":""},"dockerRegistry":"ARTIFACT_REGISTRY"},"versionId":"1","updateTime":"2023-12-03T20:37:41Z"}}
[debug] [2023-12-03T20:37:57.384Z] [create-default-us-central1-newShortUrl] Retrying task index 0
[debug] [2023-12-03T20:37:57.384Z] >>> [apiv2][query] GET https://cloudfunctions.googleapis.com/v1/operations/YWxvb3NsaS04ODc3Ny91cy1jZW50cmFsMS9uZXdTaG9ydFVybC9PMVBFdk9yUEx0QQ [none]
[debug] [2023-12-03T20:37:57.539Z] <<< [apiv2][status] GET https://cloudfunctions.googleapis.com/v1/operations/YWxvb3NsaS04ODc3Ny91cy1jZW50cmFsMS9uZXdTaG9ydFVybC9PMVBFdk9yUEx0QQ 200
[debug] [2023-12-03T20:37:57.539Z] <<< [apiv2][body] GET https://cloudfunctions.googleapis.com/v1/operations/YWxvb3NsaS04ODc3Ny91cy1jZW50cmFsMS9uZXdTaG9ydFVybC9PMVBFdk9yUEx0QQ {"name":"operations/YWxvb3NsaS04ODc3Ny91cy1jZW50cmFsMS9uZXdTaG9ydFVybC9PMVBFdk9yUEx0QQ","metadata":{"@type":"type.googleapis.com/google.cloud.functions.v1.OperationMetadataV1","target":"projects/aloosli-88777/locations/us-central1/functions/newShortUrl","type":"CREATE_FUNCTION","request":{"@type":"type.googleapis.com/google.cloud.functions.v1.CloudFunction","name":"projects/aloosli-88777/locations/us-central1/functions/newShortUrl","httpsTrigger":{"securityLevel":"SECURE_ALWAYS"},"entryPoint":"newShortUrl","labels":{"deployment-tool":"cli-firebase","firebase-functions-hash":"81ae35c39a77609014f3f50ae84fd807beda8434"},"sourceUploadUrl":"https://storage.googleapis.com/uploads-302211788967.us-central1.cloudfunctions.appspot.com/a6086b71-8e95-4d69-8c18-76c551a25939.zip?GoogleAccessId=service-999327732075@gcf-admin-robot.iam.gserviceaccount.com&Expires=1701637660&Signature=Cyj4eiYXaVpoQCDTK8TLSx%2BOYfo2Z%2FhPI99LUExjc%2Bjx2h0Ou%2F7rSwwsOeFXdLxsJ5NoDWpOL8ro6MZ1nbW5Yhsu9aTywY%2FHLwFOccG4A9UuFb5XYb3ln%2Bx4t%2FK0FfQAPHxQ%2BuNzTxJVNWplbR3nI9tZmMyDxWeSwtdB9T49nHNo6FfFAsHUEfHFk%2B43Wpc%2BM32hD1yB5i4Uhtp3HxEFGYP2F2zav0pi8RQhF%2FSiRKLaaFUq1K9n8J7nDJoK4LIE5f6k7vALZLJ7XYHfrCKP4DNLNNRCjctZt0Hk83pclYiKPIDYKIl3G8dtdGTd9fXx%2Bkd64nFw28ozanhHP4NGAw%3D%3D","environmentVariables":{"FIREBASE_CONFIG":"{\"projectId\":\"aloosli-88777\",\"databaseURL\":\"https://aloosli-88777-default-rtdb.firebaseio.com\",\"storageBucket\":\"aloosli-88777.appspot.com\"}","GCLOUD_PROJECT":"aloosli-88777","EVENTARC_CLOUD_EVENT_SOURCE":"projects/aloosli-88777/locations/us-central1/functions/newShortUrl"},"runtime":"nodejs18","buildEnvironmentVariables":{"GOOGLE_NODE_RUN_SCRIPTS":""},"dockerRegistry":"ARTIFACT_REGISTRY"},"versionId":"1","updateTime":"2023-12-03T20:37:41Z","buildId":"fff2a1b7-526e-4758-9cce-208eb03f2422","buildName":"projects/999327732075/locations/us-central1/builds/fff2a1b7-526e-4758-9cce-208eb03f2422"}}
[debug] [2023-12-03T20:38:07.547Z] [create-default-us-central1-newShortUrl] Retrying task index 0
[debug] [2023-12-03T20:38:07.547Z] >>> [apiv2][query] GET https://cloudfunctions.googleapis.com/v1/operations/YWxvb3NsaS04ODc3Ny91cy1jZW50cmFsMS9uZXdTaG9ydFVybC9PMVBFdk9yUEx0QQ [none]
[debug] [2023-12-03T20:38:07.655Z] <<< [apiv2][status] GET https://cloudfunctions.googleapis.com/v1/operations/YWxvb3NsaS04ODc3Ny91cy1jZW50cmFsMS9uZXdTaG9ydFVybC9PMVBFdk9yUEx0QQ 200
[debug] [2023-12-03T20:38:07.655Z] <<< [apiv2][body] GET https://cloudfunctions.googleapis.com/v1/operations/YWxvb3NsaS04ODc3Ny91cy1jZW50cmFsMS9uZXdTaG9ydFVybC9PMVBFdk9yUEx0QQ {"name":"operations/YWxvb3NsaS04ODc3Ny91cy1jZW50cmFsMS9uZXdTaG9ydFVybC9PMVBFdk9yUEx0QQ","metadata":{"@type":"type.googleapis.com/google.cloud.functions.v1.OperationMetadataV1","target":"projects/aloosli-88777/locations/us-central1/functions/newShortUrl","type":"CREATE_FUNCTION","request":{"@type":"type.googleapis.com/google.cloud.functions.v1.CloudFunction","name":"projects/aloosli-88777/locations/us-central1/functions/newShortUrl","httpsTrigger":{"securityLevel":"SECURE_ALWAYS"},"entryPoint":"newShortUrl","labels":{"deployment-tool":"cli-firebase","firebase-functions-hash":"81ae35c39a77609014f3f50ae84fd807beda8434"},"sourceUploadUrl":"https://storage.googleapis.com/uploads-302211788967.us-central1.cloudfunctions.appspot.com/a6086b71-8e95-4d69-8c18-76c551a25939.zip?GoogleAccessId=service-999327732075@gcf-admin-robot.iam.gserviceaccount.com&Expires=1701637660&Signature=Cyj4eiYXaVpoQCDTK8TLSx%2BOYfo2Z%2FhPI99LUExjc%2Bjx2h0Ou%2F7rSwwsOeFXdLxsJ5NoDWpOL8ro6MZ1nbW5Yhsu9aTywY%2FHLwFOccG4A9UuFb5XYb3ln%2Bx4t%2FK0FfQAPHxQ%2BuNzTxJVNWplbR3nI9tZmMyDxWeSwtdB9T49nHNo6FfFAsHUEfHFk%2B43Wpc%2BM32hD1yB5i4Uhtp3HxEFGYP2F2zav0pi8RQhF%2FSiRKLaaFUq1K9n8J7nDJoK4LIE5f6k7vALZLJ7XYHfrCKP4DNLNNRCjctZt0Hk83pclYiKPIDYKIl3G8dtdGTd9fXx%2Bkd64nFw28ozanhHP4NGAw%3D%3D","environmentVariables":{"FIREBASE_CONFIG":"{\"projectId\":\"aloosli-88777\",\"databaseURL\":\"https://aloosli-88777-default-rtdb.firebaseio.com\",\"storageBucket\":\"aloosli-88777.appspot.com\"}","GCLOUD_PROJECT":"aloosli-88777","EVENTARC_CLOUD_EVENT_SOURCE":"projects/aloosli-88777/locations/us-central1/functions/newShortUrl"},"runtime":"nodejs18","buildEnvironmentVariables":{"GOOGLE_NODE_RUN_SCRIPTS":""},"dockerRegistry":"ARTIFACT_REGISTRY"},"versionId":"1","updateTime":"2023-12-03T20:37:41Z","buildId":"fff2a1b7-526e-4758-9cce-208eb03f2422","buildName":"projects/999327732075/locations/us-central1/builds/fff2a1b7-526e-4758-9cce-208eb03f2422"}}
[debug] [2023-12-03T20:38:17.666Z] [create-default-us-central1-newShortUrl] Retrying task index 0
[debug] [2023-12-03T20:38:17.666Z] >>> [apiv2][query] GET https://cloudfunctions.googleapis.com/v1/operations/YWxvb3NsaS04ODc3Ny91cy1jZW50cmFsMS9uZXdTaG9ydFVybC9PMVBFdk9yUEx0QQ [none]
[debug] [2023-12-03T20:38:17.788Z] <<< [apiv2][status] GET https://cloudfunctions.googleapis.com/v1/operations/YWxvb3NsaS04ODc3Ny91cy1jZW50cmFsMS9uZXdTaG9ydFVybC9PMVBFdk9yUEx0QQ 200
[debug] [2023-12-03T20:38:17.788Z] <<< [apiv2][body] GET https://cloudfunctions.googleapis.com/v1/operations/YWxvb3NsaS04ODc3Ny91cy1jZW50cmFsMS9uZXdTaG9ydFVybC9PMVBFdk9yUEx0QQ {"name":"operations/YWxvb3NsaS04ODc3Ny91cy1jZW50cmFsMS9uZXdTaG9ydFVybC9PMVBFdk9yUEx0QQ","metadata":{"@type":"type.googleapis.com/google.cloud.functions.v1.OperationMetadataV1","target":"projects/aloosli-88777/locations/us-central1/functions/newShortUrl","type":"CREATE_FUNCTION","request":{"@type":"type.googleapis.com/google.cloud.functions.v1.CloudFunction","name":"projects/aloosli-88777/locations/us-central1/functions/newShortUrl","httpsTrigger":{"securityLevel":"SECURE_ALWAYS"},"entryPoint":"newShortUrl","labels":{"deployment-tool":"cli-firebase","firebase-functions-hash":"81ae35c39a77609014f3f50ae84fd807beda8434"},"sourceUploadUrl":"https://storage.googleapis.com/uploads-302211788967.us-central1.cloudfunctions.appspot.com/a6086b71-8e95-4d69-8c18-76c551a25939.zip?GoogleAccessId=service-999327732075@gcf-admin-robot.iam.gserviceaccount.com&Expires=1701637660&Signature=Cyj4eiYXaVpoQCDTK8TLSx%2BOYfo2Z%2FhPI99LUExjc%2Bjx2h0Ou%2F7rSwwsOeFXdLxsJ5NoDWpOL8ro6MZ1nbW5Yhsu9aTywY%2FHLwFOccG4A9UuFb5XYb3ln%2Bx4t%2FK0FfQAPHxQ%2BuNzTxJVNWplbR3nI9tZmMyDxWeSwtdB9T49nHNo6FfFAsHUEfHFk%2B43Wpc%2BM32hD1yB5i4Uhtp3HxEFGYP2F2zav0pi8RQhF%2FSiRKLaaFUq1K9n8J7nDJoK4LIE5f6k7vALZLJ7XYHfrCKP4DNLNNRCjctZt0Hk83pclYiKPIDYKIl3G8dtdGTd9fXx%2Bkd64nFw28ozanhHP4NGAw%3D%3D","environmentVariables":{"FIREBASE_CONFIG":"{\"projectId\":\"aloosli-88777\",\"databaseURL\":\"https://aloosli-88777-default-rtdb.firebaseio.com\",\"storageBucket\":\"aloosli-88777.appspot.com\"}","GCLOUD_PROJECT":"aloosli-88777","EVENTARC_CLOUD_EVENT_SOURCE":"projects/aloosli-88777/locations/us-central1/functions/newShortUrl"},"runtime":"nodejs18","buildEnvironmentVariables":{"GOOGLE_NODE_RUN_SCRIPTS":""},"dockerRegistry":"ARTIFACT_REGISTRY"},"versionId":"1","updateTime":"2023-12-03T20:37:41Z","buildId":"fff2a1b7-526e-4758-9cce-208eb03f2422","buildName":"projects/999327732075/locations/us-central1/builds/fff2a1b7-526e-4758-9cce-208eb03f2422"}}
[debug] [2023-12-03T20:38:27.803Z] [create-default-us-central1-newShortUrl] Retrying task index 0
[debug] [2023-12-03T20:38:27.803Z] >>> [apiv2][query] GET https://cloudfunctions.googleapis.com/v1/operations/YWxvb3NsaS04ODc3Ny91cy1jZW50cmFsMS9uZXdTaG9ydFVybC9PMVBFdk9yUEx0QQ [none]
[debug] [2023-12-03T20:38:27.919Z] <<< [apiv2][status] GET https://cloudfunctions.googleapis.com/v1/operations/YWxvb3NsaS04ODc3Ny91cy1jZW50cmFsMS9uZXdTaG9ydFVybC9PMVBFdk9yUEx0QQ 200
[debug] [2023-12-03T20:38:27.920Z] <<< [apiv2][body] GET https://cloudfunctions.googleapis.com/v1/operations/YWxvb3NsaS04ODc3Ny91cy1jZW50cmFsMS9uZXdTaG9ydFVybC9PMVBFdk9yUEx0QQ {"name":"operations/YWxvb3NsaS04ODc3Ny91cy1jZW50cmFsMS9uZXdTaG9ydFVybC9PMVBFdk9yUEx0QQ","metadata":{"@type":"type.googleapis.com/google.cloud.functions.v1.OperationMetadataV1","target":"projects/aloosli-88777/locations/us-central1/functions/newShortUrl","type":"CREATE_FUNCTION","request":{"@type":"type.googleapis.com/google.cloud.functions.v1.CloudFunction","name":"projects/aloosli-88777/locations/us-central1/functions/newShortUrl","httpsTrigger":{"securityLevel":"SECURE_ALWAYS"},"entryPoint":"newShortUrl","labels":{"deployment-tool":"cli-firebase","firebase-functions-hash":"81ae35c39a77609014f3f50ae84fd807beda8434"},"sourceUploadUrl":"https://storage.googleapis.com/uploads-302211788967.us-central1.cloudfunctions.appspot.com/a6086b71-8e95-4d69-8c18-76c551a25939.zip?GoogleAccessId=service-999327732075@gcf-admin-robot.iam.gserviceaccount.com&Expires=1701637660&Signature=Cyj4eiYXaVpoQCDTK8TLSx%2BOYfo2Z%2FhPI99LUExjc%2Bjx2h0Ou%2F7rSwwsOeFXdLxsJ5NoDWpOL8ro6MZ1nbW5Yhsu9aTywY%2FHLwFOccG4A9UuFb5XYb3ln%2Bx4t%2FK0FfQAPHxQ%2BuNzTxJVNWplbR3nI9tZmMyDxWeSwtdB9T49nHNo6FfFAsHUEfHFk%2B43Wpc%2BM32hD1yB5i4Uhtp3HxEFGYP2F2zav0pi8RQhF%2FSiRKLaaFUq1K9n8J7nDJoK4LIE5f6k7vALZLJ7XYHfrCKP4DNLNNRCjctZt0Hk83pclYiKPIDYKIl3G8dtdGTd9fXx%2Bkd64nFw28ozanhHP4NGAw%3D%3D","environmentVariables":{"FIREBASE_CONFIG":"{\"projectId\":\"aloosli-88777\",\"databaseURL\":\"https://aloosli-88777-default-rtdb.firebaseio.com\",\"storageBucket\":\"aloosli-88777.appspot.com\"}","GCLOUD_PROJECT":"aloosli-88777","EVENTARC_CLOUD_EVENT_SOURCE":"projects/aloosli-88777/locations/us-central1/functions/newShortUrl"},"runtime":"nodejs18","buildEnvironmentVariables":{"GOOGLE_NODE_RUN_SCRIPTS":""},"dockerRegistry":"ARTIFACT_REGISTRY"},"versionId":"1","updateTime":"2023-12-03T20:37:41Z","buildId":"fff2a1b7-526e-4758-9cce-208eb03f2422","buildName":"projects/999327732075/locations/us-central1/builds/fff2a1b7-526e-4758-9cce-208eb03f2422"}}
[debug] [2023-12-03T20:38:37.934Z] [create-default-us-central1-newShortUrl] Retrying task index 0
[debug] [2023-12-03T20:38:37.934Z] >>> [apiv2][query] GET https://cloudfunctions.googleapis.com/v1/operations/YWxvb3NsaS04ODc3Ny91cy1jZW50cmFsMS9uZXdTaG9ydFVybC9PMVBFdk9yUEx0QQ [none]
[debug] [2023-12-03T20:38:38.092Z] <<< [apiv2][status] GET https://cloudfunctions.googleapis.com/v1/operations/YWxvb3NsaS04ODc3Ny91cy1jZW50cmFsMS9uZXdTaG9ydFVybC9PMVBFdk9yUEx0QQ 200
[debug] [2023-12-03T20:38:38.092Z] <<< [apiv2][body] GET https://cloudfunctions.googleapis.com/v1/operations/YWxvb3NsaS04ODc3Ny91cy1jZW50cmFsMS9uZXdTaG9ydFVybC9PMVBFdk9yUEx0QQ {"name":"operations/YWxvb3NsaS04ODc3Ny91cy1jZW50cmFsMS9uZXdTaG9ydFVybC9PMVBFdk9yUEx0QQ","metadata":{"@type":"type.googleapis.com/google.cloud.functions.v1.OperationMetadataV1","target":"projects/aloosli-88777/locations/us-central1/functions/newShortUrl","type":"CREATE_FUNCTION","request":{"@type":"type.googleapis.com/google.cloud.functions.v1.CloudFunction","name":"projects/aloosli-88777/locations/us-central1/functions/newShortUrl","httpsTrigger":{"securityLevel":"SECURE_ALWAYS"},"entryPoint":"newShortUrl","labels":{"deployment-tool":"cli-firebase","firebase-functions-hash":"81ae35c39a77609014f3f50ae84fd807beda8434"},"sourceUploadUrl":"https://storage.googleapis.com/uploads-302211788967.us-central1.cloudfunctions.appspot.com/a6086b71-8e95-4d69-8c18-76c551a25939.zip?GoogleAccessId=service-999327732075@gcf-admin-robot.iam.gserviceaccount.com&Expires=1701637660&Signature=Cyj4eiYXaVpoQCDTK8TLSx%2BOYfo2Z%2FhPI99LUExjc%2Bjx2h0Ou%2F7rSwwsOeFXdLxsJ5NoDWpOL8ro6MZ1nbW5Yhsu9aTywY%2FHLwFOccG4A9UuFb5XYb3ln%2Bx4t%2FK0FfQAPHxQ%2BuNzTxJVNWplbR3nI9tZmMyDxWeSwtdB9T49nHNo6FfFAsHUEfHFk%2B43Wpc%2BM32hD1yB5i4Uhtp3HxEFGYP2F2zav0pi8RQhF%2FSiRKLaaFUq1K9n8J7nDJoK4LIE5f6k7vALZLJ7XYHfrCKP4DNLNNRCjctZt0Hk83pclYiKPIDYKIl3G8dtdGTd9fXx%2Bkd64nFw28ozanhHP4NGAw%3D%3D","environmentVariables":{"FIREBASE_CONFIG":"{\"projectId\":\"aloosli-88777\",\"databaseURL\":\"https://aloosli-88777-default-rtdb.firebaseio.com\",\"storageBucket\":\"aloosli-88777.appspot.com\"}","GCLOUD_PROJECT":"aloosli-88777","EVENTARC_CLOUD_EVENT_SOURCE":"projects/aloosli-88777/locations/us-central1/functions/newShortUrl"},"runtime":"nodejs18","buildEnvironmentVariables":{"GOOGLE_NODE_RUN_SCRIPTS":""},"dockerRegistry":"ARTIFACT_REGISTRY"},"versionId":"1","updateTime":"2023-12-03T20:37:41Z","buildId":"fff2a1b7-526e-4758-9cce-208eb03f2422","buildName":"projects/999327732075/locations/us-central1/builds/fff2a1b7-526e-4758-9cce-208eb03f2422"}}
[debug] [2023-12-03T20:38:48.104Z] [create-default-us-central1-newShortUrl] Retrying task index 0
[debug] [2023-12-03T20:38:48.104Z] >>> [apiv2][query] GET https://cloudfunctions.googleapis.com/v1/operations/YWxvb3NsaS04ODc3Ny91cy1jZW50cmFsMS9uZXdTaG9ydFVybC9PMVBFdk9yUEx0QQ [none]
[debug] [2023-12-03T20:38:48.257Z] <<< [apiv2][status] GET https://cloudfunctions.googleapis.com/v1/operations/YWxvb3NsaS04ODc3Ny91cy1jZW50cmFsMS9uZXdTaG9ydFVybC9PMVBFdk9yUEx0QQ 200
[debug] [2023-12-03T20:38:48.257Z] <<< [apiv2][body] GET https://cloudfunctions.googleapis.com/v1/operations/YWxvb3NsaS04ODc3Ny91cy1jZW50cmFsMS9uZXdTaG9ydFVybC9PMVBFdk9yUEx0QQ {"name":"operations/YWxvb3NsaS04ODc3Ny91cy1jZW50cmFsMS9uZXdTaG9ydFVybC9PMVBFdk9yUEx0QQ","metadata":{"@type":"type.googleapis.com/google.cloud.functions.v1.OperationMetadataV1","target":"projects/aloosli-88777/locations/us-central1/functions/newShortUrl","type":"CREATE_FUNCTION","request":{"@type":"type.googleapis.com/google.cloud.functions.v1.CloudFunction","name":"projects/aloosli-88777/locations/us-central1/functions/newShortUrl","httpsTrigger":{"securityLevel":"SECURE_ALWAYS"},"entryPoint":"newShortUrl","labels":{"deployment-tool":"cli-firebase","firebase-functions-hash":"81ae35c39a77609014f3f50ae84fd807beda8434"},"sourceUploadUrl":"https://storage.googleapis.com/uploads-302211788967.us-central1.cloudfunctions.appspot.com/a6086b71-8e95-4d69-8c18-76c551a25939.zip?GoogleAccessId=service-999327732075@gcf-admin-robot.iam.gserviceaccount.com&Expires=1701637660&Signature=Cyj4eiYXaVpoQCDTK8TLSx%2BOYfo2Z%2FhPI99LUExjc%2Bjx2h0Ou%2F7rSwwsOeFXdLxsJ5NoDWpOL8ro6MZ1nbW5Yhsu9aTywY%2FHLwFOccG4A9UuFb5XYb3ln%2Bx4t%2FK0FfQAPHxQ%2BuNzTxJVNWplbR3nI9tZmMyDxWeSwtdB9T49nHNo6FfFAsHUEfHFk%2B43Wpc%2BM32hD1yB5i4Uhtp3HxEFGYP2F2zav0pi8RQhF%2FSiRKLaaFUq1K9n8J7nDJoK4LIE5f6k7vALZLJ7XYHfrCKP4DNLNNRCjctZt0Hk83pclYiKPIDYKIl3G8dtdGTd9fXx%2Bkd64nFw28ozanhHP4NGAw%3D%3D","environmentVariables":{"FIREBASE_CONFIG":"{\"projectId\":\"aloosli-88777\",\"databaseURL\":\"https://aloosli-88777-default-rtdb.firebaseio.com\",\"storageBucket\":\"aloosli-88777.appspot.com\"}","GCLOUD_PROJECT":"aloosli-88777","EVENTARC_CLOUD_EVENT_SOURCE":"projects/aloosli-88777/locations/us-central1/functions/newShortUrl"},"runtime":"nodejs18","buildEnvironmentVariables":{"GOOGLE_NODE_RUN_SCRIPTS":""},"dockerRegistry":"ARTIFACT_REGISTRY"},"versionId":"1","updateTime":"2023-12-03T20:37:41Z","buildId":"fff2a1b7-526e-4758-9cce-208eb03f2422","sourceToken":"8808be21-b9e3-4190-91cb-5152a8891c23","buildName":"projects/999327732075/locations/us-central1/builds/fff2a1b7-526e-4758-9cce-208eb03f2422"}}
[debug] [2023-12-03T20:38:48.257Z] Got source token 8808be21-b9e3-4190-91cb-5152a8891c23 for region us-central1
[debug] [2023-12-03T20:38:58.265Z] [create-default-us-central1-newShortUrl] Retrying task index 0
[debug] [2023-12-03T20:38:58.265Z] >>> [apiv2][query] GET https://cloudfunctions.googleapis.com/v1/operations/YWxvb3NsaS04ODc3Ny91cy1jZW50cmFsMS9uZXdTaG9ydFVybC9PMVBFdk9yUEx0QQ [none]
[debug] [2023-12-03T20:38:58.438Z] <<< [apiv2][status] GET https://cloudfunctions.googleapis.com/v1/operations/YWxvb3NsaS04ODc3Ny91cy1jZW50cmFsMS9uZXdTaG9ydFVybC9PMVBFdk9yUEx0QQ 200
[debug] [2023-12-03T20:38:58.438Z] <<< [apiv2][body] GET https://cloudfunctions.googleapis.com/v1/operations/YWxvb3NsaS04ODc3Ny91cy1jZW50cmFsMS9uZXdTaG9ydFVybC9PMVBFdk9yUEx0QQ {"name":"operations/YWxvb3NsaS04ODc3Ny91cy1jZW50cmFsMS9uZXdTaG9ydFVybC9PMVBFdk9yUEx0QQ","metadata":{"@type":"type.googleapis.com/google.cloud.functions.v1.OperationMetadataV1","target":"projects/aloosli-88777/locations/us-central1/functions/newShortUrl","type":"CREATE_FUNCTION","request":{"@type":"type.googleapis.com/google.cloud.functions.v1.CloudFunction","name":"projects/aloosli-88777/locations/us-central1/functions/newShortUrl","httpsTrigger":{"securityLevel":"SECURE_ALWAYS"},"entryPoint":"newShortUrl","labels":{"deployment-tool":"cli-firebase","firebase-functions-hash":"81ae35c39a77609014f3f50ae84fd807beda8434"},"sourceUploadUrl":"https://storage.googleapis.com/uploads-302211788967.us-central1.cloudfunctions.appspot.com/a6086b71-8e95-4d69-8c18-76c551a25939.zip?GoogleAccessId=service-999327732075@gcf-admin-robot.iam.gserviceaccount.com&Expires=1701637660&Signature=Cyj4eiYXaVpoQCDTK8TLSx%2BOYfo2Z%2FhPI99LUExjc%2Bjx2h0Ou%2F7rSwwsOeFXdLxsJ5NoDWpOL8ro6MZ1nbW5Yhsu9aTywY%2FHLwFOccG4A9UuFb5XYb3ln%2Bx4t%2FK0FfQAPHxQ%2BuNzTxJVNWplbR3nI9tZmMyDxWeSwtdB9T49nHNo6FfFAsHUEfHFk%2B43Wpc%2BM32hD1yB5i4Uhtp3HxEFGYP2F2zav0pi8RQhF%2FSiRKLaaFUq1K9n8J7nDJoK4LIE5f6k7vALZLJ7XYHfrCKP4DNLNNRCjctZt0Hk83pclYiKPIDYKIl3G8dtdGTd9fXx%2Bkd64nFw28ozanhHP4NGAw%3D%3D","environmentVariables":{"FIREBASE_CONFIG":"{\"projectId\":\"aloosli-88777\",\"databaseURL\":\"https://aloosli-88777-default-rtdb.firebaseio.com\",\"storageBucket\":\"aloosli-88777.appspot.com\"}","GCLOUD_PROJECT":"aloosli-88777","EVENTARC_CLOUD_EVENT_SOURCE":"projects/aloosli-88777/locations/us-central1/functions/newShortUrl"},"runtime":"nodejs18","buildEnvironmentVariables":{"GOOGLE_NODE_RUN_SCRIPTS":""},"dockerRegistry":"ARTIFACT_REGISTRY"},"versionId":"1","updateTime":"2023-12-03T20:37:41Z","buildId":"fff2a1b7-526e-4758-9cce-208eb03f2422","sourceToken":"8808be21-b9e3-4190-91cb-5152a8891c23","buildName":"projects/999327732075/locations/us-central1/builds/fff2a1b7-526e-4758-9cce-208eb03f2422"}}
[debug] [2023-12-03T20:38:58.438Z] Got source token 8808be21-b9e3-4190-91cb-5152a8891c23 for region us-central1
[debug] [2023-12-03T20:39:08.451Z] [create-default-us-central1-newShortUrl] Retrying task index 0
[debug] [2023-12-03T20:39:08.452Z] >>> [apiv2][query] GET https://cloudfunctions.googleapis.com/v1/operations/YWxvb3NsaS04ODc3Ny91cy1jZW50cmFsMS9uZXdTaG9ydFVybC9PMVBFdk9yUEx0QQ [none]
[debug] [2023-12-03T20:39:08.616Z] <<< [apiv2][status] GET https://cloudfunctions.googleapis.com/v1/operations/YWxvb3NsaS04ODc3Ny91cy1jZW50cmFsMS9uZXdTaG9ydFVybC9PMVBFdk9yUEx0QQ 200
[debug] [2023-12-03T20:39:08.616Z] <<< [apiv2][body] GET https://cloudfunctions.googleapis.com/v1/operations/YWxvb3NsaS04ODc3Ny91cy1jZW50cmFsMS9uZXdTaG9ydFVybC9PMVBFdk9yUEx0QQ {"name":"operations/YWxvb3NsaS04ODc3Ny91cy1jZW50cmFsMS9uZXdTaG9ydFVybC9PMVBFdk9yUEx0QQ","metadata":{"@type":"type.googleapis.com/google.cloud.functions.v1.OperationMetadataV1","target":"projects/aloosli-88777/locations/us-central1/functions/newShortUrl","type":"CREATE_FUNCTION","request":{"@type":"type.googleapis.com/google.cloud.functions.v1.CloudFunction","name":"projects/aloosli-88777/locations/us-central1/functions/newShortUrl","httpsTrigger":{"securityLevel":"SECURE_ALWAYS"},"entryPoint":"newShortUrl","labels":{"deployment-tool":"cli-firebase","firebase-functions-hash":"81ae35c39a77609014f3f50ae84fd807beda8434"},"sourceUploadUrl":"https://storage.googleapis.com/uploads-302211788967.us-central1.cloudfunctions.appspot.com/a6086b71-8e95-4d69-8c18-76c551a25939.zip?GoogleAccessId=service-999327732075@gcf-admin-robot.iam.gserviceaccount.com&Expires=1701637660&Signature=Cyj4eiYXaVpoQCDTK8TLSx%2BOYfo2Z%2FhPI99LUExjc%2Bjx2h0Ou%2F7rSwwsOeFXdLxsJ5NoDWpOL8ro6MZ1nbW5Yhsu9aTywY%2FHLwFOccG4A9UuFb5XYb3ln%2Bx4t%2FK0FfQAPHxQ%2BuNzTxJVNWplbR3nI9tZmMyDxWeSwtdB9T49nHNo6FfFAsHUEfHFk%2B43Wpc%2BM32hD1yB5i4Uhtp3HxEFGYP2F2zav0pi8RQhF%2FSiRKLaaFUq1K9n8J7nDJoK4LIE5f6k7vALZLJ7XYHfrCKP4DNLNNRCjctZt0Hk83pclYiKPIDYKIl3G8dtdGTd9fXx%2Bkd64nFw28ozanhHP4NGAw%3D%3D","environmentVariables":{"FIREBASE_CONFIG":"{\"projectId\":\"aloosli-88777\",\"databaseURL\":\"https://aloosli-88777-default-rtdb.firebaseio.com\",\"storageBucket\":\"aloosli-88777.appspot.com\"}","GCLOUD_PROJECT":"aloosli-88777","EVENTARC_CLOUD_EVENT_SOURCE":"projects/aloosli-88777/locations/us-central1/functions/newShortUrl"},"runtime":"nodejs18","buildEnvironmentVariables":{"GOOGLE_NODE_RUN_SCRIPTS":""},"dockerRegistry":"ARTIFACT_REGISTRY"},"versionId":"1","updateTime":"2023-12-03T20:37:41Z","buildId":"fff2a1b7-526e-4758-9cce-208eb03f2422","sourceToken":"8808be21-b9e3-4190-91cb-5152a8891c23","buildName":"projects/999327732075/locations/us-central1/builds/fff2a1b7-526e-4758-9cce-208eb03f2422"}}
[debug] [2023-12-03T20:39:08.616Z] Got source token 8808be21-b9e3-4190-91cb-5152a8891c23 for region us-central1
[debug] [2023-12-03T20:39:18.630Z] [create-default-us-central1-newShortUrl] Retrying task index 0
[debug] [2023-12-03T20:39:18.630Z] >>> [apiv2][query] GET https://cloudfunctions.googleapis.com/v1/operations/YWxvb3NsaS04ODc3Ny91cy1jZW50cmFsMS9uZXdTaG9ydFVybC9PMVBFdk9yUEx0QQ [none]
[debug] [2023-12-03T20:39:18.751Z] <<< [apiv2][status] GET https://cloudfunctions.googleapis.com/v1/operations/YWxvb3NsaS04ODc3Ny91cy1jZW50cmFsMS9uZXdTaG9ydFVybC9PMVBFdk9yUEx0QQ 200
[debug] [2023-12-03T20:39:18.751Z] <<< [apiv2][body] GET https://cloudfunctions.googleapis.com/v1/operations/YWxvb3NsaS04ODc3Ny91cy1jZW50cmFsMS9uZXdTaG9ydFVybC9PMVBFdk9yUEx0QQ {"name":"operations/YWxvb3NsaS04ODc3Ny91cy1jZW50cmFsMS9uZXdTaG9ydFVybC9PMVBFdk9yUEx0QQ","metadata":{"@type":"type.googleapis.com/google.cloud.functions.v1.OperationMetadataV1","target":"projects/aloosli-88777/locations/us-central1/functions/newShortUrl","type":"CREATE_FUNCTION","request":{"@type":"type.googleapis.com/google.cloud.functions.v1.CloudFunction","name":"projects/aloosli-88777/locations/us-central1/functions/newShortUrl","httpsTrigger":{"securityLevel":"SECURE_ALWAYS"},"entryPoint":"newShortUrl","labels":{"deployment-tool":"cli-firebase","firebase-functions-hash":"81ae35c39a77609014f3f50ae84fd807beda8434"},"sourceUploadUrl":"https://storage.googleapis.com/uploads-302211788967.us-central1.cloudfunctions.appspot.com/a6086b71-8e95-4d69-8c18-76c551a25939.zip?GoogleAccessId=service-999327732075@gcf-admin-robot.iam.gserviceaccount.com&Expires=1701637660&Signature=Cyj4eiYXaVpoQCDTK8TLSx%2BOYfo2Z%2FhPI99LUExjc%2Bjx2h0Ou%2F7rSwwsOeFXdLxsJ5NoDWpOL8ro6MZ1nbW5Yhsu9aTywY%2FHLwFOccG4A9UuFb5XYb3ln%2Bx4t%2FK0FfQAPHxQ%2BuNzTxJVNWplbR3nI9tZmMyDxWeSwtdB9T49nHNo6FfFAsHUEfHFk%2B43Wpc%2BM32hD1yB5i4Uhtp3HxEFGYP2F2zav0pi8RQhF%2FSiRKLaaFUq1K9n8J7nDJoK4LIE5f6k7vALZLJ7XYHfrCKP4DNLNNRCjctZt0Hk83pclYiKPIDYKIl3G8dtdGTd9fXx%2Bkd64nFw28ozanhHP4NGAw%3D%3D","environmentVariables":{"FIREBASE_CONFIG":"{\"projectId\":\"aloosli-88777\",\"databaseURL\":\"https://aloosli-88777-default-rtdb.firebaseio.com\",\"storageBucket\":\"aloosli-88777.appspot.com\"}","GCLOUD_PROJECT":"aloosli-88777","EVENTARC_CLOUD_EVENT_SOURCE":"projects/aloosli-88777/locations/us-central1/functions/newShortUrl"},"runtime":"nodejs18","buildEnvironmentVariables":{"GOOGLE_NODE_RUN_SCRIPTS":""},"dockerRegistry":"ARTIFACT_REGISTRY"},"versionId":"1","updateTime":"2023-12-03T20:37:41Z","buildId":"fff2a1b7-526e-4758-9cce-208eb03f2422","sourceToken":"8808be21-b9e3-4190-91cb-5152a8891c23","buildName":"projects/999327732075/locations/us-central1/builds/fff2a1b7-526e-4758-9cce-208eb03f2422"}}
[debug] [2023-12-03T20:39:18.751Z] Got source token 8808be21-b9e3-4190-91cb-5152a8891c23 for region us-central1
[debug] [2023-12-03T20:39:28.760Z] [create-default-us-central1-newShortUrl] Retrying task index 0
[debug] [2023-12-03T20:39:28.760Z] >>> [apiv2][query] GET https://cloudfunctions.googleapis.com/v1/operations/YWxvb3NsaS04ODc3Ny91cy1jZW50cmFsMS9uZXdTaG9ydFVybC9PMVBFdk9yUEx0QQ [none]
[debug] [2023-12-03T20:39:28.880Z] <<< [apiv2][status] GET https://cloudfunctions.googleapis.com/v1/operations/YWxvb3NsaS04ODc3Ny91cy1jZW50cmFsMS9uZXdTaG9ydFVybC9PMVBFdk9yUEx0QQ 200
[debug] [2023-12-03T20:39:28.880Z] <<< [apiv2][body] GET https://cloudfunctions.googleapis.com/v1/operations/YWxvb3NsaS04ODc3Ny91cy1jZW50cmFsMS9uZXdTaG9ydFVybC9PMVBFdk9yUEx0QQ {"name":"operations/YWxvb3NsaS04ODc3Ny91cy1jZW50cmFsMS9uZXdTaG9ydFVybC9PMVBFdk9yUEx0QQ","metadata":{"@type":"type.googleapis.com/google.cloud.functions.v1.OperationMetadataV1","target":"projects/aloosli-88777/locations/us-central1/functions/newShortUrl","type":"CREATE_FUNCTION","request":{"@type":"type.googleapis.com/google.cloud.functions.v1.CloudFunction","name":"projects/aloosli-88777/locations/us-central1/functions/newShortUrl","httpsTrigger":{"securityLevel":"SECURE_ALWAYS"},"entryPoint":"newShortUrl","labels":{"deployment-tool":"cli-firebase","firebase-functions-hash":"81ae35c39a77609014f3f50ae84fd807beda8434"},"sourceUploadUrl":"https://storage.googleapis.com/uploads-302211788967.us-central1.cloudfunctions.appspot.com/a6086b71-8e95-4d69-8c18-76c551a25939.zip?GoogleAccessId=service-999327732075@gcf-admin-robot.iam.gserviceaccount.com&Expires=1701637660&Signature=Cyj4eiYXaVpoQCDTK8TLSx%2BOYfo2Z%2FhPI99LUExjc%2Bjx2h0Ou%2F7rSwwsOeFXdLxsJ5NoDWpOL8ro6MZ1nbW5Yhsu9aTywY%2FHLwFOccG4A9UuFb5XYb3ln%2Bx4t%2FK0FfQAPHxQ%2BuNzTxJVNWplbR3nI9tZmMyDxWeSwtdB9T49nHNo6FfFAsHUEfHFk%2B43Wpc%2BM32hD1yB5i4Uhtp3HxEFGYP2F2zav0pi8RQhF%2FSiRKLaaFUq1K9n8J7nDJoK4LIE5f6k7vALZLJ7XYHfrCKP4DNLNNRCjctZt0Hk83pclYiKPIDYKIl3G8dtdGTd9fXx%2Bkd64nFw28ozanhHP4NGAw%3D%3D","environmentVariables":{"FIREBASE_CONFIG":"{\"projectId\":\"aloosli-88777\",\"databaseURL\":\"https://aloosli-88777-default-rtdb.firebaseio.com\",\"storageBucket\":\"aloosli-88777.appspot.com\"}","GCLOUD_PROJECT":"aloosli-88777","EVENTARC_CLOUD_EVENT_SOURCE":"projects/aloosli-88777/locations/us-central1/functions/newShortUrl"},"runtime":"nodejs18","buildEnvironmentVariables":{"GOOGLE_NODE_RUN_SCRIPTS":""},"dockerRegistry":"ARTIFACT_REGISTRY"},"versionId":"1","updateTime":"2023-12-03T20:39:26Z","buildId":"fff2a1b7-526e-4758-9cce-208eb03f2422","sourceToken":"8808be21-b9e3-4190-91cb-5152a8891c23","buildName":"projects/999327732075/locations/us-central1/builds/fff2a1b7-526e-4758-9cce-208eb03f2422"},"done":true,"error":{"code":3,"message":"Function failed on loading user code. This is likely due to a bug in the user code. Error message: Provided module can't be loaded.\nDid you list all required modules in the package.json dependencies?\nDetailed stack trace: Error: Cannot find module 'firebase/database'\nRequire stack:\n- /workspace/lib/index.js\n- /layers/google.nodejs.functions-framework/functions-framework/node_modules/@google-cloud/functions-framework/build/src/loader.js\n- /layers/google.nodejs.functions-framework/functions-framework/node_modules/@google-cloud/functions-framework/build/src/main.js\n    at Module._resolveFilename (node:internal/modules/cjs/loader:1077:15)\n    at Module._load (node:internal/modules/cjs/loader:922:27)\n    at Module.require (node:internal/modules/cjs/loader:1143:19)\n    at require (node:internal/modules/cjs/helpers:119:18)\n    at Object.<anonymous> (/workspace/lib/index.js:6:20)\n    at Module._compile (node:internal/modules/cjs/loader:1256:14)\n    at Module._extensions..js (node:internal/modules/cjs/loader:1310:10)\n    at Module.load (node:internal/modules/cjs/loader:1119:32)\n    at Module._load (node:internal/modules/cjs/loader:960:12)\n    at Module.require (node:internal/modules/cjs/loader:1143:19)\nCould not load the function, shutting down.. Please visit https://cloud.google.com/functions/docs/troubleshooting for in-depth troubleshooting documentation."}}
[debug] [2023-12-03T20:39:28.880Z] Got source token 8808be21-b9e3-4190-91cb-5152a8891c23 for region us-central1
[error] Function failed on loading user code. This is likely due to a bug in the user code. Error message: Provided module can't be loaded.
Did you list all required modules in the package.json dependencies?
Detailed stack trace: Error: Cannot find module 'firebase/database'
Require stack:
- /workspace/lib/index.js
- /layers/google.nodejs.functions-framework/functions-framework/node_modules/@google-cloud/functions-framework/build/src/loader.js
- /layers/google.nodejs.functions-framework/functions-framework/node_modules/@google-cloud/functions-framework/build/src/main.js
    at Module._resolveFilename (node:internal/modules/cjs/loader:1077:15)
    at Module._load (node:internal/modules/cjs/loader:922:27)
    at Module.require (node:internal/modules/cjs/loader:1143:19)
    at require (node:internal/modules/cjs/helpers:119:18)
    at Object.<anonymous> (/workspace/lib/index.js:6:20)
    at Module._compile (node:internal/modules/cjs/loader:1256:14)
    at Module._extensions..js (node:internal/modules/cjs/loader:1310:10)
    at Module.load (node:internal/modules/cjs/loader:1119:32)
    at Module._load (node:internal/modules/cjs/loader:960:12)
    at Module.require (node:internal/modules/cjs/loader:1143:19)
Could not load the function, shutting down.. Please visit https://cloud.google.com/functions/docs/troubleshooting for in-depth troubleshooting documentation.
[debug] [2023-12-03T20:39:28.885Z] Total Function Deployment time: 109002
[debug] [2023-12-03T20:39:28.885Z] 1 Functions Deployed
[debug] [2023-12-03T20:39:28.885Z] 1 Functions Errored
[debug] [2023-12-03T20:39:28.885Z] 0 Function Deployments Aborted
[debug] [2023-12-03T20:39:28.885Z] Average Function Deployment time: 109002
[info] 
[info] Functions deploy had errors with the following functions:
	newShortUrl(us-central1)
[debug] [2023-12-03T20:39:28.930Z] Not printing URL for HTTPS function. Typically this means it didn't match a filter or we failed deployment
[info] i  functions: cleaning up build files... 
[debug] [2023-12-03T20:39:28.931Z] >>> [apiv2][query] DELETE https://artifactregistry.googleapis.com/v1beta2/projects/aloosli-88777/locations/us-central1/repositories/gcf-artifacts/packages/new_short_url [none]
[debug] [2023-12-03T20:39:28.931Z] >>> [apiv2][query] GET https://us.gcr.io/v2/aloosli-88777/gcf/us-central1/tags/list [none]
[debug] [2023-12-03T20:39:29.310Z] <<< [apiv2][status] DELETE https://artifactregistry.googleapis.com/v1beta2/projects/aloosli-88777/locations/us-central1/repositories/gcf-artifacts/packages/new_short_url 200
[debug] [2023-12-03T20:39:29.310Z] <<< [apiv2][body] DELETE https://artifactregistry.googleapis.com/v1beta2/projects/aloosli-88777/locations/us-central1/repositories/gcf-artifacts/packages/new_short_url {"name":"projects/aloosli-88777/locations/us-central1/operations/6aa7e638-68c0-4762-a0fb-b7244ce9af7b","metadata":{"@type":"type.googleapis.com/google.devtools.artifactregistry.v1beta2.OperationMetadata"}}
[debug] [2023-12-03T20:39:29.310Z] >>> [apiv2][query] GET https://artifactregistry.googleapis.com/v1beta2/projects/aloosli-88777/locations/us-central1/operations/6aa7e638-68c0-4762-a0fb-b7244ce9af7b [none]
[debug] [2023-12-03T20:39:29.634Z] <<< [apiv2][status] GET https://artifactregistry.googleapis.com/v1beta2/projects/aloosli-88777/locations/us-central1/operations/6aa7e638-68c0-4762-a0fb-b7244ce9af7b 200
[debug] [2023-12-03T20:39:29.634Z] <<< [apiv2][body] GET https://artifactregistry.googleapis.com/v1beta2/projects/aloosli-88777/locations/us-central1/operations/6aa7e638-68c0-4762-a0fb-b7244ce9af7b {"name":"projects/aloosli-88777/locations/us-central1/operations/6aa7e638-68c0-4762-a0fb-b7244ce9af7b","metadata":{"@type":"type.googleapis.com/google.devtools.artifactregistry.v1beta2.OperationMetadata"},"done":true,"response":{"@type":"type.googleapis.com/google.protobuf.Empty"}}
[debug] [2023-12-03T20:39:29.926Z] <<< [apiv2][status] GET https://us.gcr.io/v2/aloosli-88777/gcf/us-central1/tags/list 200
[debug] [2023-12-03T20:39:29.926Z] <<< [apiv2][body] GET https://us.gcr.io/v2/aloosli-88777/gcf/us-central1/tags/list {"child":[],"manifest":{},"name":"aloosli-88777/gcf/us-central1","tags":[]}
[debug] [2023-12-03T20:39:29.926Z] Could not find image for function projects/aloosli-88777/locations/us-central1/functions/newShortUrl
[debug] [2023-12-03T20:39:29.926Z] Functions deploy failed.
[debug] [2023-12-03T20:39:29.926Z] {
  "endpoint": {
    "id": "newShortUrl",
    "project": "aloosli-88777",
    "region": "us-central1",
    "entryPoint": "newShortUrl",
    "platform": "gcfv1",
    "runtime": "nodejs18",
    "httpsTrigger": {},
    "ingressSettings": null,
    "availableMemoryMb": null,
    "serviceAccount": null,
    "timeoutSeconds": null,
    "maxInstances": null,
    "minInstances": null,
    "vpc": null,
    "environmentVariables": {
      "FIREBASE_CONFIG": "{\"projectId\":\"aloosli-88777\",\"databaseURL\":\"https://aloosli-88777-default-rtdb.firebaseio.com\",\"storageBucket\":\"aloosli-88777.appspot.com\"}",
      "GCLOUD_PROJECT": "aloosli-88777",
      "EVENTARC_CLOUD_EVENT_SOURCE": "projects/aloosli-88777/locations/us-central1/functions/newShortUrl"
    },
    "codebase": "default",
    "targetedByOnly": false,
    "hash": "81ae35c39a77609014f3f50ae84fd807beda8434",
    "labels": {
      "deployment-tool": "cli-firebase"
    }
  },
  "op": "create",
  "original": {
    "name": "FirebaseError",
    "children": [],
    "exit": 1,
    "message": "Function failed on loading user code. This is likely due to a bug in the user code. Error message: Provided module can't be loaded.\nDid you list all required modules in the package.json dependencies?\nDetailed stack trace: Error: Cannot find module 'firebase/database'\nRequire stack:\n- /workspace/lib/index.js\n- /layers/google.nodejs.functions-framework/functions-framework/node_modules/@google-cloud/functions-framework/build/src/loader.js\n- /layers/google.nodejs.functions-framework/functions-framework/node_modules/@google-cloud/functions-framework/build/src/main.js\n    at Module._resolveFilename (node:internal/modules/cjs/loader:1077:15)\n    at Module._load (node:internal/modules/cjs/loader:922:27)\n    at Module.require (node:internal/modules/cjs/loader:1143:19)\n    at require (node:internal/modules/cjs/helpers:119:18)\n    at Object.<anonymous> (/workspace/lib/index.js:6:20)\n    at Module._compile (node:internal/modules/cjs/loader:1256:14)\n    at Module._extensions..js (node:internal/modules/cjs/loader:1310:10)\n    at Module.load (node:internal/modules/cjs/loader:1119:32)\n    at Module._load (node:internal/modules/cjs/loader:960:12)\n    at Module.require (node:internal/modules/cjs/loader:1143:19)\nCould not load the function, shutting down.. Please visit https://cloud.google.com/functions/docs/troubleshooting for in-depth troubleshooting documentation.",
    "status": 3,
    "code": 3
  }
}
[debug] [2023-12-03T20:39:29.941Z] Error: Failed to create function newShortUrl in region us-central1
    at C:\Users\Ashton Loosli\AppData\Roaming\npm\node_modules\firebase-tools\lib\deploy\functions\release\fabricator.js:51:11
    at process.processTicksAndRejections (node:internal/process/task_queues:95:5)
    at async Fabricator.createV1Function (C:\Users\Ashton Loosli\AppData\Roaming\npm\node_modules\firebase-tools\lib\deploy\functions\release\fabricator.js:181:32)
    at async Fabricator.createEndpoint (C:\Users\Ashton Loosli\AppData\Roaming\npm\node_modules\firebase-tools\lib\deploy\functions\release\fabricator.js:133:13)
    at async handle (C:\Users\Ashton Loosli\AppData\Roaming\npm\node_modules\firebase-tools\lib\deploy\functions\release\fabricator.js:88:17)
[error] 
[error] Error: There was an error deploying functions
